SF:lib/src/runner.dart
DA:21,1
DA:23,1
DA:25,2
DA:26,2
DA:27,2
DA:28,2
DA:29,2
DA:30,2
DA:31,2
DA:32,2
DA:34,3
DA:35,0
DA:36,0
DA:38,0
DA:39,0
DA:40,0
DA:44,0
DA:45,2
DA:49,1
DA:50,1
DA:53,2
DA:57,1
DA:59,1
DA:61,1
LF:24
LH:18
end_of_record
SF:lib/src/commands/config_command.dart
DA:15,1
DA:16,1
DA:17,1
DA:24,0
DA:25,0
DA:27,0
DA:29,0
DA:30,0
DA:32,0
LF:9
LH:3
end_of_record
SF:lib/src/utils/logger.dart
DA:9,0
DA:13,1
DA:14,2
DA:15,4
DA:18,0
DA:19,0
DA:20,0
DA:23,1
DA:24,2
DA:25,4
DA:28,0
DA:29,0
DA:30,0
DA:34,3
DA:45,0
DA:47,1
DA:48,1
DA:51,1
DA:52,1
LF:19
LH:11
end_of_record
SF:lib/src/commands/flutter_command.dart
DA:20,1
DA:23,0
DA:24,0
DA:26,0
DA:27,0
DA:29,0
DA:31,0
DA:35,0
LF:8
LH:1
end_of_record
SF:lib/src/commands/install_command.dart
DA:20,1
DA:21,1
DA:22,1
DA:30,1
DA:32,3
DA:34,2
DA:36,3
DA:37,0
DA:45,0
DA:47,0
DA:49,3
DA:50,2
DA:52,2
DA:55,0
LF:14
LH:10
end_of_record
SF:lib/src/commands/list_command.dart
DA:25,1
DA:28,1
DA:29,2
DA:31,1
DA:32,0
DA:38,0
DA:42,5
DA:45,2
DA:47,2
DA:48,2
DA:53,1
DA:55,2
DA:56,1
DA:58,1
DA:59,1
DA:61,1
LF:16
LH:14
end_of_record
SF:lib/src/commands/releases_command.dart
DA:19,1
DA:22,1
DA:23,2
DA:25,2
DA:27,2
DA:28,3
DA:31,4
DA:33,1
DA:34,4
DA:35,1
DA:36,2
DA:37,1
DA:39,2
LF:13
LH:13
end_of_record
SF:lib/src/commands/remove_command.dart
DA:20,1
DA:22,1
DA:23,1
DA:24,1
DA:32,1
DA:33,4
DA:34,2
DA:35,2
DA:38,0
DA:42,2
LF:10
LH:9
end_of_record
SF:lib/src/commands/use_command.dart
DA:27,1
DA:28,1
DA:29,1
DA:32,2
DA:35,1
DA:42,1
DA:46,3
DA:47,0
DA:48,0
DA:49,0
DA:51,0
DA:52,0
DA:53,0
DA:55,0
DA:60,0
DA:61,0
DA:62,0
DA:65,3
DA:67,3
DA:68,3
DA:71,2
DA:72,2
DA:76,0
DA:78,0
DA:79,0
DA:82,2
DA:84,2
LF:27
LH:14
end_of_record
SF:lib/src/commands/version_command.dart
DA:6,1
DA:9,0
DA:12,1
DA:14,1
LF:4
LH:3
end_of_record
SF:lib/constants.dart
DA:7,3
DA:10,2
DA:11,2
DA:15,3
DA:18,1
DA:19,2
DA:21,0
DA:24,1
DA:25,0
DA:27,2
DA:30,1
DA:33,1
DA:34,3
DA:38,1
DA:39,1
DA:40,1
DA:41,0
DA:43,3
DA:47,4
DA:48,4
DA:51,3
LF:21
LH:18
end_of_record
SF:lib/fvm.dart
DA:23,0
DA:24,0
DA:25,0
DA:26,0
DA:27,0
DA:28,0
DA:31,0
LF:7
LH:0
end_of_record
SF:lib/src/flutter_tools/flutter_helpers.dart
DA:12,1
DA:13,0
DA:14,2
DA:16,1
DA:19,2
DA:23,1
DA:24,1
DA:27,2
DA:32,1
DA:33,2
DA:37,1
DA:38,2
DA:40,3
DA:42,1
DA:45,0
DA:47,0
DA:48,0
DA:50,0
DA:52,0
DA:56,1
DA:57,1
DA:58,1
DA:61,2
DA:62,1
DA:63,4
DA:64,1
DA:66,3
DA:68,1
DA:70,2
DA:71,3
LF:30
LH:24
end_of_record
SF:lib/src/utils/pubdev.dart
DA:5,1
DA:8,1
DA:11,2
DA:13,1
DA:14,1
DA:16,2
DA:17,1
DA:18,3
DA:19,5
DA:20,2
DA:21,2
DA:25,0
DA:31,1
DA:33,1
LF:14
LH:13
end_of_record
SF:lib/exceptions.dart
DA:5,0
DA:6,0
DA:7,0
DA:12,1
DA:13,0
DA:14,0
DA:19,0
DA:20,0
DA:21,0
DA:31,0
DA:33,0
DA:35,0
LF:12
LH:1
end_of_record
SF:lib/src/local_versions/local_versions_tools.dart
DA:8,1
DA:9,4
DA:10,2
DA:11,0
DA:14,3
DA:15,2
DA:16,0
DA:22,1
DA:23,4
DA:24,2
DA:26,2
DA:27,1
DA:28,2
LF:13
LH:11
end_of_record
SF:lib/src/utils/helpers.dart
DA:6,1
DA:7,2
DA:11,1
DA:13,2
DA:14,2
DA:16,3
DA:17,0
DA:18,0
DA:19,0
DA:22,0
DA:23,0
LF:11
LH:6
end_of_record
SF:lib/src/utils/settings.dart
DA:15,1
DA:25,1
DA:26,2
DA:29,1
DA:30,1
DA:31,1
DA:32,1
DA:33,2
DA:34,1
DA:35,1
DA:36,1
DA:37,1
DA:41,0
DA:42,0
DA:43,0
DA:44,0
DA:45,0
DA:46,0
DA:47,0
DA:48,0
DA:49,0
DA:53,0
DA:55,0
DA:56,0
DA:57,0
DA:58,0
DA:62,1
DA:64,2
DA:65,1
DA:66,0
DA:67,0
DA:71,0
DA:73,0
DA:74,0
DA:75,0
LF:35
LH:15
end_of_record
SF:lib/src/flutter_tools/flutter_tools.dart
DA:14,0
DA:18,0
DA:19,0
DA:21,0
DA:22,0
DA:25,0
DA:27,0
DA:30,0
DA:31,0
DA:34,0
DA:36,0
DA:38,0
DA:43,0
DA:46,0
DA:58,0
DA:59,0
DA:61,0
DA:62,0
DA:64,0
DA:66,0
DA:71,0
DA:72,0
DA:73,0
DA:75,0
DA:78,0
DA:79,0
LF:26
LH:0
end_of_record
SF:lib/src/releases_api/releases_client.dart
DA:9,1
DA:10,1
DA:11,1
DA:15,1
DA:16,1
DA:17,2
DA:23,1
DA:27,3
DA:28,2
DA:30,0
DA:31,0
LF:11
LH:9
end_of_record
SF:lib/src/local_versions/local_version.model.dart
DA:9,1
DA:12,1
DA:14,1
DA:15,2
DA:16,2
DA:17,1
DA:21,1
DA:24,1
DA:27,1
DA:30,1
DA:33,1
DA:43,1
DA:44,0
DA:47,1
LF:14
LH:13
end_of_record
SF:lib/src/releases_api/models/flutter_releases.model.dart
DA:9,1
DA:10,2
DA:13,1
DA:23,1
DA:24,1
DA:25,1
DA:26,1
DA:27,1
DA:28,3
DA:29,2
DA:35,0
DA:36,0
DA:37,0
DA:40,0
DA:44,1
DA:46,3
DA:48,2
DA:53,0
DA:54,0
DA:55,0
DA:56,0
LF:21
LH:13
end_of_record
SF:lib/src/flutter_project/flutter_project.model.dart
DA:13,1
DA:21,1
DA:22,1
DA:23,2
LF:4
LH:4
end_of_record
SF:lib/src/releases_api/models/release.model.dart
DA:5,1
DA:23,2
DA:24,1
DA:25,4
DA:26,1
DA:27,2
DA:28,1
DA:29,1
DA:30,1
DA:33,0
DA:34,0
DA:35,0
DA:36,0
DA:37,0
DA:38,0
DA:39,0
DA:40,0
DA:43,0
DA:44,0
DA:47,0
DA:48,0
LF:21
LH:9
end_of_record
SF:lib/src/releases_api/models/channels.model.dart
DA:3,5
DA:6,1
DA:16,2
DA:17,2
DA:18,2
DA:19,2
DA:22,0
DA:23,0
DA:24,0
DA:25,0
DA:29,0
DA:30,0
DA:31,0
DA:32,0
DA:35,0
DA:36,0
DA:37,0
DA:38,0
DA:42,3
DA:43,1
DA:49,1
DA:51,0
DA:52,0
DA:54,0
LF:24
LH:9
end_of_record
SF:lib/src/releases_api/current_release_parser.dart
DA:4,1
DA:5,1
DA:6,1
DA:9,2
DA:11,3
DA:12,3
DA:13,3
DA:14,2
DA:15,1
LF:9
LH:9
end_of_record
SF:lib/src/flutter_project/fvm_config.model.dart
DA:13,1
DA:18,0
DA:19,0
DA:21,0
DA:25,0
DA:26,0
DA:28,0
DA:32,1
DA:33,4
DA:36,1
DA:37,4
DA:40,1
DA:41,4
DA:44,3
DA:46,1
DA:47,1
DA:48,1
LF:17
LH:11
end_of_record
SF:lib/src/utils/process_manager.dart
DA:6,0
LF:1
LH:0
end_of_record
SF:lib/src/local_versions/local_version.repo.dart
DA:13,1
DA:14,4
DA:15,2
DA:18,2
DA:22,1
DA:29,1
DA:32,2
DA:33,0
DA:36,4
DA:38,1
DA:39,2
DA:40,2
DA:41,2
DA:43,2
DA:44,1
DA:48,1
DA:49,2
DA:50,0
DA:57,1
DA:58,4
DA:59,2
DA:60,2
DA:65,1
DA:66,4
DA:67,3
DA:68,3
DA:70,2
DA:73,4
DA:74,2
DA:75,2
LF:30
LH:28
end_of_record
SF:lib/src/flutter_project/flutter_project.repo.dart
DA:11,1
DA:12,2
DA:13,2
DA:15,1
DA:16,1
DA:19,2
DA:23,1
DA:24,1
DA:25,1
DA:26,3
DA:27,1
DA:34,1
DA:35,1
DA:38,0
DA:41,2
DA:44,1
DA:46,1
DA:48,2
DA:49,2
DA:53,2
DA:56,1
DA:57,1
DA:58,1
DA:59,2
DA:62,1
DA:63,3
DA:64,2
DA:65,2
DA:66,1
DA:72,1
DA:74,2
DA:78,2
DA:80,2
DA:81,1
DA:84,0
DA:90,1
DA:92,1
DA:94,4
DA:96,2
DA:98,2
DA:100,2
DA:106,0
DA:109,3
LF:43
LH:40
end_of_record
SF:lib/src/flutter_project/fvm_config_repo.dart
DA:10,1
DA:11,3
DA:12,3
DA:15,2
DA:16,2
DA:17,1
DA:19,1
DA:21,1
DA:22,1
DA:29,1
DA:30,5
DA:33,1
DA:35,3
DA:36,3
DA:38,4
DA:40,2
DA:41,0
DA:42,0
DA:43,0
LF:19
LH:16
end_of_record
SF:lib/src/workflows/install_version.workflow.dart
DA:8,1
DA:10,0
DA:13,2
DA:14,0
DA:18,2
DA:20,2
DA:22,2
DA:23,0
DA:24,0
DA:25,0
LF:10
LH:5
end_of_record
SF:lib/src/flutter_tools/git_tools.dart
DA:13,1
DA:15,2
DA:17,1
DA:18,2
DA:20,0
DA:21,0
DA:29,1
DA:30,2
DA:31,4
DA:33,2
DA:35,1
DA:43,1
DA:44,1
DA:47,2
DA:50,2
DA:51,2
DA:54,2
DA:56,0
DA:57,0
DA:58,0
DA:62,0
DA:63,0
DA:69,1
DA:71,2
DA:72,0
DA:73,0
DA:75,3
DA:76,1
DA:78,3
DA:79,3
DA:80,1
DA:83,2
DA:87,2
DA:88,0
DA:90,0
DA:95,0
DA:97,0
DA:98,0
DA:103,1
DA:104,4
DA:105,1
LF:41
LH:27
end_of_record
SF:lib/src/workflows/use_version.workflow.dart
DA:8,1
DA:13,3
DA:15,1
DA:23,1
DA:25,2
DA:28,2
LF:6
LH:6
end_of_record
SF:lib/src/workflows/remove_version.workflow.dart
DA:5,1
DA:6,2
DA:8,2
DA:9,0
DA:10,0
DA:11,0
LF:6
LH:3
end_of_record
SF:lib/src/utils/confirm.dart
DA:4,0
DA:5,0
DA:7,0
LF:3
LH:0
end_of_record
SF:lib/src/workflows/flutter_setup.workflow.dart
DA:6,0
DA:8,0
DA:9,0
DA:10,0
LF:4
LH:0
end_of_record
