SF:lib/utils/helpers.dart
DA:7,1
DA:8,4
DA:12,1
DA:13,2
DA:17,1
DA:18,3
DA:22,1
DA:27,2
DA:28,2
DA:30,3
DA:31,0
DA:32,0
LF:12
LH:10
end_of_record
SF:lib/constants.dart
DA:5,3
DA:8,0
DA:11,3
DA:14,6
DA:17,1
DA:19,1
DA:20,1
DA:21,1
DA:22,0
DA:23,0
DA:24,0
DA:25,0
DA:28,1
DA:32,4
DA:35,1
DA:36,2
DA:38,1
DA:40,0
DA:44,3
DA:47,0
LF:20
LH:13
end_of_record
SF:lib/exceptions.dart
DA:7,0
DA:9,0
DA:18,1
DA:20,0
DA:29,1
DA:31,0
DA:40,0
DA:42,0
DA:51,0
DA:53,0
LF:10
LH:2
end_of_record
SF:lib/utils/logger.dart
DA:4,3
DA:7,1
DA:8,1
LF:3
LH:3
end_of_record
SF:lib/utils/config_utils.dart
DA:12,1
DA:13,1
DA:17,1
DA:18,1
DA:24,1
DA:25,2
DA:26,0
DA:29,3
DA:30,2
DA:31,1
DA:32,3
DA:35,0
DA:36,0
DA:38,1
DA:41,1
DA:42,2
DA:43,0
DA:45,4
DA:49,1
DA:50,2
DA:51,1
DA:55,1
DA:56,2
DA:60,1
DA:61,1
DA:62,1
DA:63,0
DA:64,1
DA:65,1
DA:66,0
DA:67,0
DA:68,0
DA:70,0
DA:75,1
DA:76,1
DA:82,1
DA:83,1
DA:85,0
DA:86,0
DA:94,0
DA:95,0
DA:96,0
DA:97,0
DA:98,0
DA:101,0
LF:45
LH:28
end_of_record
SF:lib/commands/config.dart
DA:8,1
DA:9,0
DA:12,1
DA:13,1
DA:14,1
DA:16,1
DA:18,1
DA:19,2
DA:21,2
DA:24,2
DA:25,0
DA:26,0
DA:27,0
DA:29,0
LF:14
LH:9
end_of_record
SF:lib/commands/flutter.dart
DA:15,1
DA:16,1
DA:17,1
DA:19,1
DA:21,1
DA:23,1
DA:28,1
DA:29,3
DA:30,0
DA:33,4
DA:35,2
DA:36,1
DA:38,0
DA:39,0
LF:14
LH:11
end_of_record
SF:lib/commands/install.dart
DA:16,1
DA:18,1
DA:19,4
DA:20,1
DA:22,4
DA:25,2
DA:27,2
DA:29,1
DA:30,0
LF:9
LH:8
end_of_record
SF:lib/commands/list.dart
DA:15,1
DA:17,1
DA:18,2
DA:19,2
DA:20,0
DA:21,0
DA:24,1
DA:25,3
DA:28,1
LF:9
LH:7
end_of_record
SF:lib/commands/remove.dart
DA:14,1
DA:15,1
DA:16,1
DA:17,1
DA:24,1
DA:25,4
DA:27,2
DA:30,0
DA:33,3
DA:35,2
DA:36,1
DA:37,0
LF:12
LH:10
end_of_record
SF:lib/commands/use.dart
DA:16,1
DA:18,1
DA:19,3
DA:21,2
DA:24,0
DA:27,3
DA:29,2
DA:30,1
DA:31,0
LF:9
LH:7
end_of_record
SF:lib/utils/flutter_tools.dart
DA:10,0
DA:12,0
DA:14,0
DA:15,0
DA:16,0
DA:23,1
DA:24,4
DA:26,1
DA:27,2
DA:31,2
DA:35,2
DA:37,2
DA:38,1
DA:39,1
DA:41,2
DA:42,0
DA:48,1
DA:49,4
DA:51,2
DA:52,2
DA:56,2
DA:60,2
DA:62,2
DA:63,2
DA:64,1
DA:66,2
DA:67,0
DA:79,1
DA:80,4
DA:81,3
DA:84,1
DA:85,3
DA:88,3
DA:89,3
DA:93,2
DA:94,0
DA:97,2
DA:102,1
DA:104,4
DA:106,2
DA:107,0
DA:110,2
DA:112,1
DA:113,2
DA:114,1
DA:116,2
DA:117,2
DA:125,1
DA:126,4
DA:127,2
DA:128,2
DA:133,1
DA:134,4
DA:135,3
DA:136,3
DA:138,2
DA:143,4
DA:144,2
DA:145,1
DA:146,2
DA:154,1
DA:156,3
DA:157,0
DA:160,2
DA:163,2
DA:164,3
DA:166,2
DA:167,2
DA:170,3
DA:171,1
DA:176,1
DA:177,4
DA:178,3
LF:73
LH:63
end_of_record
SF:lib/fvm.dart
DA:15,1
DA:16,1
DA:19,2
DA:20,1
DA:22,0
DA:24,1
DA:28,2
DA:29,2
DA:30,2
DA:31,2
DA:32,2
DA:33,2
DA:35,4
DA:36,1
DA:37,0
DA:39,5
DA:40,1
DA:41,0
DA:46,0
DA:47,2
LF:20
LH:16
end_of_record
