SF:lib/utils/helpers.dart
DA:9,1
DA:10,3
DA:13,1
DA:14,3
DA:17,2
DA:21,1
DA:22,2
DA:26,1
DA:27,3
DA:31,1
DA:36,2
DA:37,2
DA:39,3
DA:40,0
DA:41,0
DA:42,0
DA:47,1
DA:48,2
DA:50,7
DA:51,1
DA:52,1
DA:53,2
DA:61,1
DA:63,1
DA:68,1
DA:70,3
DA:72,2
DA:74,0
DA:77,0
DA:78,0
LF:30
LH:24
end_of_record
SF:lib/constants.dart
DA:5,3
DA:11,0
DA:14,3
DA:17,6
DA:20,1
DA:22,1
DA:23,1
DA:24,1
DA:25,0
DA:26,0
DA:27,0
DA:28,0
DA:31,1
DA:35,4
DA:38,1
DA:39,2
DA:41,1
DA:43,3
DA:47,3
LF:19
LH:14
end_of_record
SF:lib/exceptions.dart
DA:4,0
DA:5,0
DA:6,0
DA:16,0
DA:17,0
DA:18,0
DA:27,1
DA:28,0
DA:29,0
DA:38,1
DA:40,0
DA:41,0
DA:50,0
DA:52,0
DA:53,0
DA:62,1
DA:64,0
DA:65,0
DA:73,1
DA:75,0
DA:77,0
LF:21
LH:4
end_of_record
SF:lib/utils/logger.dart
DA:4,3
DA:7,1
DA:8,1
LF:3
LH:3
end_of_record
SF:lib/utils/config_utils.dart
DA:12,1
DA:13,1
DA:17,1
DA:18,1
DA:24,1
DA:25,2
DA:26,2
DA:29,3
DA:30,0
DA:31,0
DA:32,0
DA:35,1
DA:36,2
DA:38,1
DA:41,1
DA:42,2
DA:43,2
DA:45,4
DA:49,1
DA:50,2
DA:51,1
DA:55,1
DA:56,2
DA:60,1
DA:61,1
DA:62,1
DA:63,0
DA:64,1
DA:65,2
DA:66,1
DA:73,1
DA:74,3
DA:75,3
DA:80,1
DA:81,1
DA:87,1
DA:88,1
DA:90,0
DA:91,0
DA:99,1
DA:100,1
DA:101,3
DA:102,2
DA:103,2
DA:106,1
LF:45
LH:39
end_of_record
SF:lib/commands/install.dart
DA:19,1
DA:22,1
DA:23,2
DA:24,3
DA:25,1
DA:27,4
DA:28,1
DA:30,4
DA:32,2
DA:34,2
DA:36,1
LF:11
LH:11
end_of_record
SF:lib/commands/runner.dart
DA:6,1
DA:7,1
DA:10,2
DA:11,1
DA:13,1
DA:15,1
LF:6
LH:6
end_of_record
SF:lib/commands/config.dart
DA:8,1
DA:11,0
DA:15,1
DA:16,1
DA:17,1
DA:19,1
DA:23,1
DA:24,2
DA:26,2
DA:29,2
DA:30,2
DA:31,1
DA:32,3
DA:34,0
LF:14
LH:12
end_of_record
SF:lib/commands/flutter.dart
DA:19,1
DA:20,1
DA:21,1
DA:23,1
DA:29,1
DA:32,1
DA:34,1
DA:38,1
DA:39,1
DA:42,1
DA:48,0
DA:49,0
DA:51,0
DA:52,0
DA:56,0
DA:58,0
DA:59,0
DA:60,0
LF:18
LH:10
end_of_record
SF:lib/commands/list.dart
DA:18,1
DA:21,1
DA:22,2
DA:24,1
DA:25,0
DA:28,1
DA:29,2
DA:30,1
DA:32,3
DA:35,2
DA:36,2
LF:11
LH:10
end_of_record
SF:lib/commands/remove.dart
DA:17,1
DA:18,1
DA:19,1
DA:20,1
DA:28,1
DA:29,4
DA:31,2
DA:34,0
DA:37,3
DA:39,2
DA:40,1
DA:41,0
LF:12
LH:10
end_of_record
SF:lib/commands/use.dart
DA:18,1
DA:21,1
DA:22,3
DA:23,0
DA:24,0
DA:26,3
DA:28,2
DA:31,0
DA:32,0
DA:33,0
DA:36,3
DA:38,2
DA:39,4
DA:40,1
LF:14
LH:9
end_of_record
SF:lib/commands/version.dart
DA:6,1
DA:9,0
DA:12,1
DA:14,1
LF:4
LH:3
end_of_record
SF:lib/utils/flutter_tools.dart
DA:10,0
DA:12,0
DA:16,0
DA:18,0
DA:19,0
DA:21,0
DA:22,0
DA:29,1
DA:30,4
DA:32,1
DA:33,2
DA:37,2
DA:41,2
DA:43,2
DA:44,1
DA:45,1
DA:47,2
DA:48,0
DA:53,1
DA:55,3
DA:56,0
DA:57,0
DA:64,1
DA:65,4
DA:67,2
DA:70,2
DA:74,2
DA:76,2
DA:77,1
DA:78,1
DA:80,2
DA:81,0
DA:93,1
DA:94,4
DA:95,2
DA:96,0
DA:98,3
DA:101,1
DA:102,3
DA:105,3
DA:106,3
DA:110,2
DA:111,0
DA:114,2
DA:119,1
DA:121,4
DA:123,2
DA:124,0
DA:127,2
DA:129,1
DA:130,2
DA:131,1
DA:133,2
DA:134,2
DA:142,1
DA:143,4
DA:144,2
DA:145,2
DA:150,1
DA:151,4
DA:152,3
DA:153,3
DA:155,2
DA:160,4
DA:161,2
DA:162,1
DA:163,2
DA:171,1
DA:174,3
DA:175,0
DA:178,4
DA:180,1
DA:181,2
DA:182,4
DA:184,3
DA:188,1
DA:190,0
DA:191,0
DA:196,1
DA:197,4
DA:198,1
DA:199,3
LF:82
LH:65
end_of_record
SF:lib/fvm.dart
DA:15,1
DA:16,1
DA:18,2
DA:19,2
DA:20,2
DA:21,2
DA:22,2
DA:23,2
DA:24,2
DA:26,3
DA:27,0
DA:28,0
DA:30,0
DA:31,0
DA:32,0
DA:35,0
DA:36,2
LF:17
LH:11
end_of_record
